[2018-04-10 15:05:35] - add mail----start
[2018-04-10 15:05:37] - 配置邮件---------测试通过
[2018-04-10 15:05:37] - add mail----end

[2018-04-10 15:05:37] - mod mail----start
[2018-04-10 15:05:38] - 编辑邮件---------测试通过
[2018-04-10 15:05:38] - mod mail----end

[2018-04-10 15:05:38] - test mail----start
[2018-04-10 15:05:45] - 测试邮件---------测试未通过
[2018-04-10 15:05:45] - test mail----end

[2018-04-10 15:05:45] - check mail----start
[2018-04-10 15:05:51] - 发送服务器地址为a,点击测试---------测试未通过
[2018-04-10 15:05:55] - 发送方用户名为a,点击测试---------测试通过
[2018-04-10 15:05:58] - 发送方口令输入1，点击测试---------测试通过
[2018-04-10 15:06:06] - 发送服务器地址为a,点击保存---------测试未通过
[2018-04-10 15:06:10] - 发送方用户名为a,点击保存---------测试通过
[2018-04-10 15:06:13] - 发送方口令输入1，点击保存---------测试通过
[2018-04-10 15:06:15] - check mail----end

[2018-04-10 15:06:15] - condition mail----start
[2018-04-10 15:06:24] - 测试开关，状态为关！---------测试未通过
[2018-04-10 15:06:30] - 测试开关，状态为开！---------测试通过
[2018-04-10 15:06:34] - condition mail----end

[2018-04-10 15:17:53] - add mail----start
[2018-04-10 15:17:55] - 配置邮件---------测试通过
[2018-04-10 15:17:55] - add mail----end

[2018-04-10 15:17:55] - mod mail----start
[2018-04-10 15:17:56] - 编辑邮件---------测试通过
[2018-04-10 15:17:56] - mod mail----end

[2018-04-10 15:17:56] - test mail----start
[2018-04-10 15:17:59] - 测试邮件---------测试通过
[2018-04-10 15:17:59] - test mail----end

[2018-04-10 15:17:59] - check mail----start
[2018-04-10 15:18:00] - 发送服务器地址为a,点击测试---------测试通过
[2018-04-10 15:18:03] - 发送方用户名为a,点击测试---------测试通过
[2018-04-10 15:18:07] - 发送方口令输入1，点击测试---------测试通过
[2018-04-10 15:18:15] - 发送服务器地址为a,点击保存---------测试未通过
[2018-04-10 15:18:19] - 发送方用户名为a,点击保存---------测试通过
[2018-04-10 15:18:22] - 发送方口令输入1，点击保存---------测试通过
[2018-04-10 15:18:24] - check mail----end

[2018-04-10 15:18:24] - condition mail----start
[2018-04-10 15:18:33] - 测试开关，状态为关！---------测试未通过
[2018-04-10 15:18:39] - 测试开关，状态为开！---------测试通过
[2018-04-10 15:18:43] - condition mail----end

[2018-04-10 15:19:48] - add mail----start
[2018-04-10 15:19:50] - 配置邮件---------测试通过
[2018-04-10 15:19:50] - add mail----end

[2018-04-10 15:19:50] - mod mail----start
[2018-04-10 15:19:51] - 编辑邮件---------测试通过
[2018-04-10 15:19:51] - mod mail----end

[2018-04-10 15:19:51] - test mail----start
[2018-04-10 15:19:54] - 测试邮件---------测试通过
[2018-04-10 15:19:54] - test mail----end

[2018-04-10 15:19:54] - check mail----start
[2018-04-10 15:19:55] - 发送服务器地址为a,点击测试---------测试通过
[2018-04-10 15:19:58] - 发送方用户名为a,点击测试---------测试通过
[2018-04-10 15:20:01] - 发送方口令输入1，点击测试---------测试通过
[2018-04-10 15:20:04] - 发送服务器地址为a,点击保存---------测试通过
[2018-04-10 15:20:08] - 发送方用户名为a,点击保存---------测试通过
[2018-04-10 15:20:11] - 发送方口令输入1，点击保存---------测试通过
[2018-04-10 15:20:13] - check mail----end

[2018-04-10 15:20:13] - condition mail----start
[2018-04-10 15:20:22] - 测试开关，状态为关！---------测试未通过
[2018-04-10 15:20:27] - 测试开关，状态为开！---------测试通过
[2018-04-10 15:20:32] - condition mail----end

[2018-04-10 15:33:30] - add mail----start
[2018-04-10 15:33:32] - 配置邮件---------测试通过
[2018-04-10 15:33:32] - add mail----end

[2018-04-10 15:33:32] - mod mail----start
[2018-04-10 15:33:33] - 编辑邮件---------测试通过
[2018-04-10 15:33:33] - mod mail----end

[2018-04-10 15:33:33] - test mail----start
[2018-04-10 15:33:35] - 测试邮件---------测试通过
[2018-04-10 15:33:35] - test mail----end

[2018-04-10 15:33:35] - check mail----start
[2018-04-10 15:33:37] - 发送服务器地址为a,点击测试---------测试通过
[2018-04-10 15:33:40] - 发送方用户名为a,点击测试---------测试通过
[2018-04-10 15:33:43] - 发送方口令输入1，点击测试---------测试通过
[2018-04-10 15:33:46] - 发送服务器地址为a,点击保存---------测试通过
[2018-04-10 15:33:50] - 发送方用户名为a,点击保存---------测试通过
[2018-04-10 15:33:53] - 发送方口令输入1，点击保存---------测试通过
[2018-04-10 15:33:57] - 正确配置---------测试通过
[2018-04-10 15:33:59] - check mail----end

[2018-04-10 15:33:59] - condition mail----start
[2018-04-10 15:34:02] - 测试开关，状态为关！---------测试通过
[2018-04-10 15:34:07] - 测试开关，状态为开！---------测试通过
[2018-04-10 15:34:12] - condition mail----end

[2018-04-10 15:36:12] - addsysmount----start
[2018-04-10 15:36:33] - add seccussful----end

[2018-04-10 15:36:33] - check audit mount----start
[2018-04-10 15:36:43] - 在页面不添加内容的情况下---------测试未通过
[2018-04-10 15:36:53] - 远端路径为空---------测试通过
[2018-04-10 15:36:58] - 本地路径为空---------测试通过
[2018-04-10 15:38:24] - addsysmount----start
[2018-04-10 15:42:56] - addsysmount----start
[2018-04-10 15:44:30] - addsysmount----start
[2018-04-10 15:44:51] - add seccussful----end

[2018-04-10 15:44:51] - check audit mount----start
[2018-04-10 15:45:01] - 在页面不添加内容的情况下---------测试未通过
[2018-04-10 15:45:21] - 本地路径为空---------测试通过
[2018-04-10 15:45:27] - 远端账号为空---------测试通过
[2018-04-10 15:45:32] - 远端密码为空---------测试通过
[2018-04-10 15:45:48] - 远端IP不可达---------测试未通过
[2018-04-10 15:45:48] - check audit mount----end

[2018-04-10 15:47:00] - add passwd envelope----start
[2018-04-10 15:47:01] - 配置密码信封---------测试通过
[2018-04-10 15:47:01] - add passwd envelope----end

[2018-04-10 15:47:01] - upload passwd envelope----start
[2018-04-10 15:47:07] - 浏览、上传图片---------测试通过
[2018-04-10 15:47:07] - upload passwd envelope----end

[2018-04-10 15:47:07] - sync passwd envelope----start
[2018-04-10 15:47:16] - 同步图片---------测试未通过
[2018-04-10 15:47:16] - sync passwd envelope----end

[2018-04-10 15:47:16] - mode passwd envelope----start
[2018-04-10 15:47:17] - 编辑密码信封---------测试通过
[2018-04-10 15:47:17] - mode passwd envelope----end

[2018-04-10 15:47:17] - check passwd envelope----start
[2018-04-10 15:47:19] - 公司（信封抬头）为空时---------测试通过
[2018-04-10 15:47:22] - 打印服务器IP为空---------测试通过
[2018-04-10 15:47:25] - 打印服务器监听端口为空---------测试通过
[2018-04-10 15:47:28] - 打印服务器文件监听端口为空---------测试通过
[2018-04-10 15:47:31] - 打印服务器IP为qw---------测试通过
[2018-04-10 15:47:34] - 打印服务器监听端口为qw---------测试通过
[2018-04-10 15:47:38] - 打印服务器文件监听端口为qw---------测试通过
[2018-04-10 15:47:40] - check passwd envelope----end

[2018-04-10 15:50:16] - add passwd envelope----start
[2018-04-10 15:50:18] - 配置密码信封---------测试通过
[2018-04-10 15:50:18] - add passwd envelope----end

[2018-04-10 15:50:18] - upload passwd envelope----start
[2018-04-10 15:50:23] - 浏览、上传图片---------测试通过
[2018-04-10 15:50:23] - upload passwd envelope----end

[2018-04-10 15:50:23] - sync passwd envelope----start
[2018-04-10 15:50:27] - 同步图片---------测试通过
[2018-04-10 15:50:27] - sync passwd envelope----end

[2018-04-10 15:50:27] - mode passwd envelope----start
[2018-04-10 15:50:28] - 编辑密码信封---------测试通过
[2018-04-10 15:50:28] - mode passwd envelope----end

[2018-04-10 15:50:28] - check passwd envelope----start
[2018-04-10 15:50:30] - 公司（信封抬头）为空时---------测试通过
[2018-04-10 15:50:33] - 打印服务器IP为空---------测试通过
[2018-04-10 15:50:36] - 打印服务器监听端口为空---------测试通过
[2018-04-10 15:50:39] - 打印服务器文件监听端口为空---------测试通过
[2018-04-10 15:50:42] - 打印服务器IP为qw---------测试通过
[2018-04-10 15:50:45] - 打印服务器监听端口为qw---------测试通过
[2018-04-10 15:50:49] - 打印服务器文件监听端口为qw---------测试通过
[2018-04-10 15:50:51] - check passwd envelope----end

